0 info it worked if it ends with ok
1 verbose cli [ '/usr/bin/nodejs',
1 verbose cli   '/usr/bin/npm',
1 verbose cli   'install',
1 verbose cli   'airbnb',
1 verbose cli   '--save' ]
2 info using npm@3.10.10
3 info using node@v6.10.3
4 silly loadCurrentTree Starting
5 silly install loadCurrentTree
6 silly install readLocalPackageData
7 silly fetchPackageMetaData airbnb
8 silly fetchNamedPackageData airbnb
9 silly mapToRegistry name airbnb
10 silly mapToRegistry using default registry
11 silly mapToRegistry registry https://registry.npmjs.org/
12 silly mapToRegistry data Result {
12 silly mapToRegistry   raw: 'airbnb',
12 silly mapToRegistry   scope: null,
12 silly mapToRegistry   escapedName: 'airbnb',
12 silly mapToRegistry   name: 'airbnb',
12 silly mapToRegistry   rawSpec: '',
12 silly mapToRegistry   spec: 'latest',
12 silly mapToRegistry   type: 'tag' }
13 silly mapToRegistry uri https://registry.npmjs.org/airbnb
14 verbose request uri https://registry.npmjs.org/airbnb
15 verbose request no auth needed
16 info attempt registry request try #1 at 6:37:11 PM
17 verbose request id 5c3da0419d4be3b3
18 verbose etag W/"558fb3d0-188"
19 verbose lastModified Sun, 28 Jun 2015 08:44:00 GMT
20 http request GET https://registry.npmjs.org/airbnb
21 http 304 https://registry.npmjs.org/airbnb
22 verbose headers { date: 'Wed, 07 Jun 2017 15:37:12 GMT',
22 verbose headers   via: '1.1 varnish',
22 verbose headers   'cache-control': 'max-age=300',
22 verbose headers   etag: 'W/"558fb3d0-188"',
22 verbose headers   age: '243',
22 verbose headers   connection: 'keep-alive',
22 verbose headers   'x-served-by': 'cache-hhn1546-HHN',
22 verbose headers   'x-cache': 'HIT',
22 verbose headers   'x-cache-hits': '1',
22 verbose headers   'x-timer': 'S1496849832.084095,VS0,VE0',
22 verbose headers   vary: 'Accept-Encoding' }
23 silly get cb [ 304,
23 silly get   { date: 'Wed, 07 Jun 2017 15:37:12 GMT',
23 silly get     via: '1.1 varnish',
23 silly get     'cache-control': 'max-age=300',
23 silly get     etag: 'W/"558fb3d0-188"',
23 silly get     age: '243',
23 silly get     connection: 'keep-alive',
23 silly get     'x-served-by': 'cache-hhn1546-HHN',
23 silly get     'x-cache': 'HIT',
23 silly get     'x-cache-hits': '1',
23 silly get     'x-timer': 'S1496849832.084095,VS0,VE0',
23 silly get     vary: 'Accept-Encoding' } ]
24 verbose etag https://registry.npmjs.org/airbnb from cache
25 verbose get saving airbnb to /home/hannakazello/.npm/registry.npmjs.org/airbnb/.cache.json
26 verbose correctMkdir /home/hannakazello/.npm correctMkdir not in flight; initializing
27 verbose stack TypeError: Cannot convert undefined or null to object
27 verbose stack     at pickVersionFromRegistryDocument (/usr/lib/node_modules/npm/lib/fetch-package-metadata.js:125:29)
27 verbose stack     at /usr/lib/node_modules/npm/node_modules/iferr/index.js:13:50
27 verbose stack     at /usr/lib/node_modules/npm/lib/utils/pulse-till-done.js:20:8
27 verbose stack     at saved (/usr/lib/node_modules/npm/lib/cache/caching-client.js:174:7)
27 verbose stack     at /usr/lib/node_modules/npm/node_modules/graceful-fs/polyfills.js:241:18
27 verbose stack     at FSReqWrap.oncomplete (fs.js:123:15)
28 verbose cwd /home/hannakazello/project/alis-web-request
29 error Linux 4.8.0-52-generic
30 error argv "/usr/bin/nodejs" "/usr/bin/npm" "install" "airbnb" "--save"
31 error node v6.10.3
32 error npm  v3.10.10
33 error Cannot convert undefined or null to object
34 error If you need help, you may report this error at:
34 error     <https://github.com/npm/npm/issues>
35 verbose exit [ 1, true ]
